Arguments: 
  D:\all\node\node.exe C:\Users\Chosan\AppData\Roaming\npm\node_modules\yarn\bin\yarn.js add --dev glob

PATH: 
  D:\all\py\;D:\all\py\Scripts;C:\Windows\system32;C:\Windows;C:\Windows\System32\Wbem;C:\Windows\System32\WindowsPowerShell\v1.0\;D:\all\Git\cmd;D:\all\node\;C:\Users\Chosan\AppData\Local\atom\bin;C:\Users\Chosan\AppData\Roaming\npm;D:\all\node;D:\all\py

Yarn version: 
  0.17.9

Node version: 
  6.9.1

Platform: 
  win32 x64

npm manifest: 
  {
    "name": "node",
    "version": "1.0.0",
    "description": "",
    "main": "index.js",
    "scripts": {
      "test": "echo \"Error: no test specified\" && exit 1"
    },
    "author": "",
    "license": "ISC"
  }

yarn manifest: 
  No manifest

Lockfile: 
  No lockfile

Trace: 
  Error: connect ETIMEDOUT 114.55.80.225:80
      at Object.exports._errnoException (util.js:1026:11)
      at exports._exceptionWithHostPort (util.js:1049:20)
      at TCPConnectWrap.afterConnect [as oncomplete] (net.js:1085:14)
